08-03-2025 at 20:09:45 | DEBUG | Имя и ДР клиента Client(name='Julia', birthday=datetime.date(1982, 7, 23))
08-03-2025 at 20:09:45 | DEBUG | Star для Julia (1982-07-23):
---------------------
Блок Звезды:
  personality: 5
  spirituality: 7
  money: 2
  relationship: 5
  health: 1
  mission: 2

Блок Ошибок:
  Ошибка отца (муж. линия): 3
  Ошибка мамы (муж. линия): 9
  Ошибка отца (жен. линия): 7
  Роковая ошибка: 6
  Ошибка мамы (жен. линия): 6

08-03-2025 at 20:09:45 | DEBUG | {'name': 'Julia', 'birthdate': '23.07.1982', 'personality': '5', 'spirituality': '7', 'money': '2', 'relationship': '5', 'health': '1', 'pat_male_line_err': '3', 'mat_male_line_err': '9', 'pat_female_line_err': '7', 'doom_err': '6', 'mat_female_line_err': '6', 'mission': '2', 'foot_personality': '5', 'foot_spirituality': '7', 'foot_money': '2', 'foot_relationship': '5', 'foot_health': '1'}
08-03-2025 at 20:09:45 | DEBUG | Pifagor для Julia (23.7.1982):
---------------------
Блок Дополнительные числа:
  pif1: 32
  pif1: 5
  pif1: 28
  pif1: 1
  pif1: 0
Блок Матрицы Пифагора:
  единицы: 11
  двойки: 2222
  тройки: 33
  четверки: 
  пятерки: 5
  шестерки: 
  семерки: 7
  восьмерки: 88
  девятки: 9

08-03-2025 at 20:09:45 | DEBUG | {'name': 'Julia', 'birthdate': '23.7.1982', 'additional_pif': '32 5 28 1', 'number1': '11', 'number2': '2222', 'number3': '33', 'number4': '', 'number5': '5', 'number6': '', 'number7': '7', 'number8': '88', 'number9': '9'}
08-03-2025 at 20:09:45 | DEBUG | Money для Julia (23.7.1982):
---------------------
Блок Основной треугольник:
  money: 2
  mat_male_line_err: 9
  pat_female_line_err: 7
Блок Перевернутый треугольник:
  Вершина треугольника: 2
  Материнский род (слева): 2
  Отцовский род (справа): 9

08-03-2025 at 20:09:45 | DEBUG | {'number1': 2, 'number2': 2, 'number3': 9, 'number4': 9, 'number5': 7, 'number6': 7}
